<?xml version="1.0" encoding="UTF-8" ?>
<testsuite tests="6" failures="0" name="model.GameTest" time="0.061" errors="0" skipped="0">
  <properties>
[...]
</properties>
  <testcase classname="model.GameTest" name="testDraw" time="0.004"/>
  <testcase classname="model.GameTest" name="testWinO" time="0"/>
  <testcase classname="model.GameTest" name="testWinX" time="0"/>
  <testcase classname="model.GameTest" name="testWinMainDiagonal2" time="0"/>
  <testcase classname="model.GameTest" name="testSimple" time="0"/>
  <testcase classname="model.GameTest" name="testWinMainDiagonal" time="0"/>
</testsuite>